<?xml version="1.0" encoding="UTF-8"?>
<!-- Generated by org.testng.reporters.JUnitReportReporter -->
<testsuite hostname="TechEZone" failures="0" tests="1" name="com.opencart.testcases.TC002_LoginTest" time="2.174" errors="0" timestamp="2024-10-18T21:05:52 IST" skipped="0">
  <testcase classname="com.opencart.testcases.TC002_LoginTest" name="verify_login" time="2.174"/>
</testsuite> <!-- com.opencart.testcases.TC002_LoginTest -->
